[INFO] 2023-05-02 18:02:43,699 PLM/(13188:21240): Se encontro NUEVO video: #ParenLaMano COMPLETO - 28/04 | Vorterix, subido el dia: 28/04/2023 a las: 21:21, la URL es: https://www.youtube.com/watch?v=BVhFDuhzZ7o y el id es: BVhFDuhzZ7o
[INFO] 2023-05-02 18:17:44,754 PLM/(13188:21240): No se encontro nada nuevo
[INFO] 2023-05-02 18:32:47,381 PLM/(13188:21240): No se encontro nada nuevo
[INFO] 2023-05-02 18:47:48,174 PLM/(13188:21240): No se encontro nada nuevo
[INFO] 2023-05-02 19:02:48,864 PLM/(13188:21240): No se encontro nada nuevo
[INFO] 2023-05-02 19:13:11,356 PLM/(8840:14148): No se encontro nada nuevo
[INFO] 2023-05-02 19:13:24,895 PLM/(10352:20368): Se encontro NUEVO video: #ParenLaMano COMPLETO - 28/04 | Vorterix, subido el dia: 28/04/2023 a las: 21:21, la URL es: https://www.youtube.com/watch?v=BVhFDuhzZ7o y el id es: BVhFDuhzZ7o
[INFO] 2023-05-02 19:17:50,685 PLM/(13188:21240): No se encontro nada nuevo
[INFO] 2023-05-02 21:08:04,974 PLM/(5072:18504): Se encontro NUEVO video: #ParenLaMano COMPLETO - 28/04 | Vorterix, subido el dia: 28/04/2023 a las: 21:21, la URL es: https://www.youtube.com/watch?v=BVhFDuhzZ7o y el id es: BVhFDuhzZ7o
[INFO] 2023-05-02 21:08:32,831 PLM/(4596:17684): No se encontro nada nuevo
[INFO] 2023-05-02 21:09:38,125 PLM/(10244:17964): Se encontro NUEVO video: #ParenLaMano COMPLETO - 28/04 | Vorterix, subido el dia: 28/04/2023 a las: 21:21, la URL es: https://www.youtube.com/watch?v=BVhFDuhzZ7o y el id es: BVhFDuhzZ7o
[INFO] 2023-05-02 21:15:28,294 PLM/(19188:17468): Se encontro NUEVO video: #ParenLaMano COMPLETO - 28/04 | Vorterix, subido el dia: 28/04/2023 a las: 21:21, la URL es: https://www.youtube.com/watch?v=BVhFDuhzZ7o y el id es: BVhFDuhzZ7o
[INFO] 2023-05-02 21:15:33,625 PLM/(9624:5692): No se encontro nada nuevo
[INFO] 2023-05-02 21:15:47,067 PLM/(13828:18592): No se encontro nada nuevo
[INFO] 2023-05-02 21:15:57,708 PLM/(13828:18592): No se encontro nada nuevo
[INFO] 2023-05-02 21:18:27,423 PLM/(17468:4500): No se encontro nada nuevo
[INFO] 2023-05-02 21:18:37,967 PLM/(17468:4500): No se encontro nada nuevo
[INFO] 2023-05-02 21:18:48,373 PLM/(17468:4500): No se encontro nada nuevo
[INFO] 2023-05-02 21:18:59,020 PLM/(17468:4500): No se encontro nada nuevo
[INFO] 2023-05-02 21:19:09,604 PLM/(17468:4500): No se encontro nada nuevo
[INFO] 2023-05-03 13:40:29,344 PLM/(2220:2728): Se encontro NUEVO video: #ParenLaMano COMPLETO - 02/05 | Vorterix, subido el dia: 02/05/2023 a las: 21:37, la URL es: https://www.youtube.com/watch?v=Z2sk-4_zoQo y el id es: Z2sk-4_zoQo
[INFO] 2023-05-03 14:19:57,499 PLM/(2032:10856): No se encontro nada nuevo
[INFO] 2023-05-03 14:20:28,145 PLM/(2032:10856): No se encontro nada nuevo
[INFO] 2023-05-03 14:20:59,010 PLM/(2032:10856): No se encontro nada nuevo
[INFO] 2023-05-03 14:21:29,620 PLM/(2032:10856): No se encontro nada nuevo
[INFO] 2023-05-03 14:22:00,266 PLM/(2032:10856): No se encontro nada nuevo
[INFO] 2023-05-03 14:22:31,125 PLM/(2032:10856): No se encontro nada nuevo
[INFO] 2023-05-03 14:23:01,681 PLM/(2032:10856): No se encontro nada nuevo
[INFO] 2023-05-03 14:23:32,338 PLM/(2032:10856): No se encontro nada nuevo
[INFO] 2023-05-03 14:24:02,975 PLM/(2032:10856): No se encontro nada nuevo
[INFO] 2023-05-03 14:24:33,567 PLM/(2032:10856): No se encontro nada nuevo
[INFO] 2023-05-03 14:25:04,193 PLM/(2032:10856): No se encontro nada nuevo
[INFO] 2023-05-03 14:34:52,750 PLM/(10552:7372): No se encontro nada nuevo
[INFO] 2023-05-03 14:35:23,404 PLM/(10552:7372): No se encontro nada nuevo
[INFO] 2023-05-03 17:47:48,653 PLM/(13188:18428): Se encontro NUEVO video: #ParenLaMano COMPLETO - 02/05 | Vorterix, subido el dia: 02/05/2023 a las: 21:37, la URL es: https://www.youtube.com/watch?v=Z2sk-4_zoQo y el id es: Z2sk-4_zoQo
[INFO] 2023-05-03 17:49:43,110 PLM/(11672:6624): No se encontro nada nuevo
[INFO] 2023-05-03 18:08:42,911 PLM/(6676:4424): Se encontro NUEVO video: #ParenLaMano COMPLETO - 02/05 | Vorterix, subido el dia: 02/05/2023 a las: 21:37, la URL es: https://www.youtube.com/watch?v=Z2sk-4_zoQo y el id es: Z2sk-4_zoQo
[INFO] 2023-05-03 18:11:04,000 PLM/(2328:5612): Se encontro NUEVO video: #ParenLaMano COMPLETO - 02/05 | Vorterix, subido el dia: 02/05/2023 a las: 21:37, la URL es: https://www.youtube.com/watch?v=Z2sk-4_zoQo y el id es: Z2sk-4_zoQo
[INFO] 2023-05-03 18:17:38,823 PLM/(21144:14044): Se encontro NUEVO video: #ParenLaMano COMPLETO - 02/05 | Vorterix, subido el dia: 02/05/2023 a las: 21:37, la URL es: https://www.youtube.com/watch?v=Z2sk-4_zoQo y el id es: Z2sk-4_zoQo
[INFO] 2023-05-03 18:20:21,584 PLM/(5040:15564): No se encontro nada nuevo
[INFO] 2023-05-03 18:22:05,221 PLM/(5644:7888): Se encontro NUEVO video: #ParenLaMano COMPLETO - 02/05 | Vorterix, subido el dia: 02/05/2023 a las: 21:37, la URL es: https://www.youtube.com/watch?v=Z2sk-4_zoQo y el id es: Z2sk-4_zoQo
[INFO] 2023-05-03 22:41:08,252 PLM/(8848:22368): Se encontro NUEVO video: #ParenLaMano COMPLETO - 03/05 | Vorterix, subido el dia: 03/05/2023 a las: 21:34, la URL es: https://www.youtube.com/watch?v=vOSNrHol5oE y el id es: vOSNrHol5oE
[INFO] 2023-05-03 23:35:37,978 PLM/(20228:14584): Ya se encontro el video de hoy
[INFO] 2023-05-04 21:20:08,838 PLM/(1372:8356): No se encontro nada nuevo
[INFO] 2023-05-04 21:20:39,487 PLM/(1372:8356): No se encontro nada nuevo
[INFO] 2023-05-04 21:21:10,871 PLM/(1372:8356): No se encontro nada nuevo
[INFO] 2023-05-04 21:21:43,104 PLM/(1372:8356): No se encontro nada nuevo
[INFO] 2023-05-04 21:22:14,965 PLM/(1372:8356): No se encontro nada nuevo
[INFO] 2023-05-04 21:22:47,512 PLM/(1372:8356): No se encontro nada nuevo
[INFO] 2023-05-04 21:23:19,434 PLM/(1372:8356): No se encontro nada nuevo
[INFO] 2023-05-04 21:23:50,291 PLM/(1372:8356): No se encontro nada nuevo
[INFO] 2023-05-04 21:24:20,872 PLM/(1372:8356): No se encontro nada nuevo
[INFO] 2023-05-04 21:24:51,960 PLM/(1372:8356): No se encontro nada nuevo
[INFO] 2023-05-04 21:25:22,564 PLM/(1372:8356): No se encontro nada nuevo
[INFO] 2023-05-04 21:25:53,160 PLM/(1372:8356): No se encontro nada nuevo
[INFO] 2023-05-04 21:26:23,896 PLM/(1372:8356): No se encontro nada nuevo
[INFO] 2023-05-04 21:26:55,397 PLM/(1372:8356): No se encontro nada nuevo
[INFO] 2023-05-04 21:27:26,269 PLM/(1372:8356): No se encontro nada nuevo
[INFO] 2023-05-04 21:27:56,844 PLM/(1372:8356): No se encontro nada nuevo
[INFO] 2023-05-04 21:28:27,527 PLM/(1372:8356): No se encontro nada nuevo
[INFO] 2023-05-04 21:28:59,440 PLM/(1372:8356): No se encontro nada nuevo
[INFO] 2023-05-04 21:29:30,149 PLM/(1372:8356): No se encontro nada nuevo
[INFO] 2023-05-04 21:30:00,566 PLM/(1372:8356): No se encontro nada nuevo
[INFO] 2023-05-04 21:30:30,907 PLM/(1372:8356): No se encontro nada nuevo
[INFO] 2023-05-04 21:31:01,535 PLM/(1372:8356): No se encontro nada nuevo
[INFO] 2023-05-04 21:31:32,280 PLM/(1372:8356): No se encontro nada nuevo
[INFO] 2023-05-04 21:32:03,188 PLM/(1372:8356): No se encontro nada nuevo
[INFO] 2023-05-04 21:32:33,751 PLM/(1372:8356): No se encontro nada nuevo
[INFO] 2023-05-04 21:33:04,640 PLM/(1372:8356): No se encontro nada nuevo
[INFO] 2023-05-04 21:33:35,486 PLM/(1372:8356): No se encontro nada nuevo
[INFO] 2023-05-04 21:34:06,052 PLM/(1372:8356): No se encontro nada nuevo
[INFO] 2023-05-04 21:34:36,803 PLM/(1372:8356): No se encontro nada nuevo
[INFO] 2023-05-04 21:35:07,536 PLM/(1372:8356): No se encontro nada nuevo
[INFO] 2023-05-04 21:35:38,258 PLM/(1372:8356): No se encontro nada nuevo
[INFO] 2023-05-04 21:36:08,875 PLM/(1372:8356): No se encontro nada nuevo
[INFO] 2023-05-04 21:36:39,597 PLM/(1372:8356): No se encontro nada nuevo
[INFO] 2023-05-04 21:37:10,180 PLM/(1372:8356): No se encontro nada nuevo
[INFO] 2023-05-04 21:37:40,770 PLM/(1372:8356): No se encontro nada nuevo
[INFO] 2023-05-04 21:38:11,400 PLM/(1372:8356): No se encontro nada nuevo
[INFO] 2023-05-04 21:38:42,178 PLM/(1372:8356): No se encontro nada nuevo
[INFO] 2023-05-04 21:39:12,849 PLM/(1372:8356): No se encontro nada nuevo
[INFO] 2023-05-04 21:39:43,433 PLM/(1372:8356): No se encontro nada nuevo
[INFO] 2023-05-04 21:40:14,026 PLM/(1372:8356): No se encontro nada nuevo
[INFO] 2023-05-04 21:40:44,603 PLM/(1372:8356): No se encontro nada nuevo
[INFO] 2023-05-04 21:41:15,685 PLM/(1372:8356): No se encontro nada nuevo
[INFO] 2023-05-04 21:41:46,582 PLM/(1372:8356): No se encontro nada nuevo
[INFO] 2023-05-04 21:42:17,328 PLM/(1372:8356): No se encontro nada nuevo
[INFO] 2023-05-04 21:42:48,968 PLM/(1372:8356): No se encontro nada nuevo
[INFO] 2023-05-04 21:43:19,564 PLM/(1372:8356): No se encontro nada nuevo
[INFO] 2023-05-04 21:43:50,209 PLM/(1372:8356): No se encontro nada nuevo
[INFO] 2023-05-04 21:44:23,651 PLM/(1372:8356): Se encontro NUEVO video: #ParenLaMano COMPLETO - 04/05 | Vorterix, subido el dia: 04/05/2023 a las: 21:44, la URL es: https://www.youtube.com/watch?v=JAuEN0SNQkE y el id es: JAuEN0SNQkE
[INFO] 2023-05-05 21:20:05,150 PLM/(14660:5872): Se encontro NUEVO video: Definición de "luna" para Juanse | #ParenLaMano, subido el dia: 04/05/2023 a las: 23:04, la URL es: https://www.youtube.com/watch?v=VacBoerYkYQ y el id es: VacBoerYkYQ
[INFO] 2023-05-06 01:43:52,484 PLM/(11012:19656): Se encontro NUEVO video: #ParenLaMano COMPLETO - 05/05 | Vorterix, subido el dia: 05/05/2023 a las: 21:33, la URL es: https://www.youtube.com/watch?v=wZsXvucaZXo y el id es: wZsXvucaZXo
[INFO] 2023-05-06 01:50:08,022 PLM/(19880:20440): Es sábado hoy no se sube PLM
